#
# There is insufficient memory for the Java Runtime Environment to continue.
# Native memory allocation (malloc) failed to allocate 566016 bytes for Chunk::new
# Possible reasons:
#   The system is out of physical RAM or swap space
#   In 32 bit mode, the process size limit was hit
# Possible solutions:
#   Reduce memory load on the system
#   Increase physical memory or swap space
#   Check if swap backing store is full
#   Use 64 bit Java on a 64 bit OS
#   Decrease Java heap size (-Xmx/-Xms)
#   Decrease number of Java threads
#   Decrease Java thread stack sizes (-Xss)
#   Set larger code cache with -XX:ReservedCodeCacheSize=
# This output file may be truncated or incomplete.
#
#  Out of Memory Error (allocation.cpp:390), pid=4916, tid=0x0000000000001b0c
#
# JRE version: OpenJDK Runtime Environment (8.0_152-b01) (build 1.8.0_152-release-1248-b01)
# Java VM: OpenJDK 64-Bit Server VM (25.152-b01 mixed mode windows-amd64 compressed oops)
# Failed to write core dump. Minidumps are not enabled by default on client versions of Windows
#

---------------  T H R E A D  ---------------

Current thread (0x0000000016a9e800):  JavaThread "C2 CompilerThread0" daemon [_thread_in_native, id=6924, stack(0x0000000018100000,0x0000000018200000)]

Stack: [0x0000000018100000,0x0000000018200000]
[error occurred during error reporting (printing stack bounds), id 0xc0000005]

Native frames: (J=compiled Java code, j=interpreted, Vv=VM code, C=native code)


Current CompileTask:
C2: 351230 14863       4       org.gradle.api.internal.artifacts.configurations.Configurations::collectCapabilities (73 bytes)


---------------  P R O C E S S  ---------------

Java Threads: ( => current thread )
  0x0000000020cc6000 JavaThread "Build operations Thread 4" [_thread_blocked, id=8260, stack(0x000000002b6e0000,0x000000002b7e0000)]
  0x0000000020cc3000 JavaThread "Build operations Thread 3" [_thread_blocked, id=8264, stack(0x000000002b5e0000,0x000000002b6e0000)]
  0x0000000020cbb800 JavaThread "Build operations Thread 2" [_thread_blocked, id=5140, stack(0x000000002b4e0000,0x000000002b5e0000)]
  0x0000000020cc1800 JavaThread "Build operations" [_thread_blocked, id=8384, stack(0x000000002b3e0000,0x000000002b4e0000)]
  0x0000000020cc0800 JavaThread "Cache worker for cache directory md-rule (C:\Users\User\.gradle\caches\4.10.1\md-rule)" [_thread_blocked, id=8412, stack(0x000000002b2e0000,0x000000002b3e0000)]
  0x0000000020cc2000 JavaThread "Cache worker for cache directory md-supplier (C:\Users\User\.gradle\caches\4.10.1\md-supplier)" [_thread_blocked, id=8300, stack(0x000000002b1e0000,0x000000002b2e0000)]
  0x0000000020cc0000 JavaThread "Cache worker for file hash cache (D:\DEV\ANDROID\PROJECT\GeometricalTolerance\GeometricalTolerance\.gradle\4.10.1\fileHashes)" [_thread_blocked, id=8308, stack(0x000000002b0e0000,0x000000002b1e0000)]
  0x0000000020cbd000 JavaThread "Stdin handler" [_thread_blocked, id=8692, stack(0x000000002afe0000,0x000000002b0e0000)]
  0x0000000020cbd800 JavaThread "Asynchronous log dispatcher for DefaultDaemonConnection: socket connection from /127.0.0.1:3307 to /127.0.0.1:3630" [_thread_blocked, id=8320, stack(0x000000002aee0000,0x000000002afe0000)]
  0x0000000020cbe800 JavaThread "Cancel handler" [_thread_blocked, id=8732, stack(0x000000002ade0000,0x000000002aee0000)]
  0x0000000020cbc000 JavaThread "Handler for socket connection from /127.0.0.1:3307 to /127.0.0.1:3630" [_thread_in_native, id=8736, stack(0x000000002ace0000,0x000000002ade0000)]
  0x0000000020cbf000 JavaThread "RMI TCP Connection(4)-127.0.0.1" daemon [_thread_in_native, id=8956, stack(0x000000002aae0000,0x000000002abe0000)]
  0x000000001a181000 JavaThread "Daemon worker Thread 3" [_thread_in_native, id=8360, stack(0x00000000291e0000,0x00000000292e0000)]
  0x000000001a17e000 JavaThread "Daemon Thread 3" [_thread_blocked, id=8324, stack(0x0000000028ee0000,0x0000000028fe0000)]
  0x0000000018e53000 JavaThread "RMI Reaper" [_thread_blocked, id=4168, stack(0x00000000257e0000,0x00000000258e0000)]
  0x0000000018e55800 JavaThread "RMI TCP Accept-0" daemon [_thread_in_native, id=2944, stack(0x00000000256e0000,0x00000000257e0000)]
  0x000000001a071000 JavaThread "GC Daemon" daemon [_thread_blocked, id=7988, stack(0x00000000255e0000,0x00000000256e0000)]
  0x000000001a070000 JavaThread "RMI Scheduler(0)" daemon [_thread_blocked, id=7192, stack(0x00000000253e0000,0x00000000254e0000)]
  0x000000001a067000 JavaThread "Cache worker for file content cache (C:\Users\User\.gradle\caches\4.10.1\fileContent)" [_thread_blocked, id=7840, stack(0x00000000234e0000,0x00000000235e0000)]
  0x000000001a063800 JavaThread "Memory manager" [_thread_blocked, id=6372, stack(0x0000000022960000,0x0000000022a60000)]
  0x000000001a069800 JavaThread "pool-1-thread-1" [_thread_blocked, id=8012, stack(0x0000000022860000,0x0000000022960000)]
  0x000000001a184800 JavaThread "Cache worker for Artifact transforms cache (C:\Users\User\.gradle\caches\transforms-1)" [_thread_blocked, id=7984, stack(0x0000000021c20000,0x0000000021d20000)]
  0x000000001a182800 JavaThread "Cache worker for journal cache (C:\Users\User\.gradle\caches\journal-1)" [_thread_blocked, id=6392, stack(0x000000001d9b0000,0x000000001dab0000)]
  0x000000001b7a8000 JavaThread "File lock request listener" [_thread_in_native, id=6256, stack(0x000000001c7e0000,0x000000001c8e0000)]
  0x0000000018cf4800 JavaThread "Cache worker for file hash cache (C:\Users\User\.gradle\caches\4.10.1\fileHashes)" [_thread_blocked, id=7492, stack(0x000000001c6e0000,0x000000001c7e0000)]
  0x00000000184ea800 JavaThread "Daemon periodic checks" [_thread_blocked, id=2284, stack(0x000000001ac10000,0x000000001ad10000)]
  0x00000000184f3000 JavaThread "Incoming local TCP Connector on port 3307" [_thread_in_native, id=312, stack(0x000000001a710000,0x000000001a810000)]
  0x0000000016afd000 JavaThread "Service Thread" daemon [_thread_blocked, id=7552, stack(0x0000000018800000,0x0000000018900000)]
  0x0000000016ace000 JavaThread "C1 CompilerThread2" daemon [_thread_blocked, id=6200, stack(0x0000000018300000,0x0000000018400000)]
  0x0000000016aa4000 JavaThread "C2 CompilerThread1" daemon [_thread_in_native, id=7048, stack(0x0000000018200000,0x0000000018300000)]
=>0x0000000016a9e800 JavaThread "C2 CompilerThread0" daemon [_thread_in_native, id=6924, stack(0x0000000018100000,0x0000000018200000)]
  0x0000000016a9d000 JavaThread "Attach Listener" daemon [_thread_blocked, id=800, stack(0x0000000018000000,0x0000000018100000)]
  0x0000000016a9c000 JavaThread "Signal Dispatcher" daemon [_thread_blocked, id=7344, stack(0x0000000017f00000,0x0000000018000000)]
  0x000000000312c800 JavaThread "Finalizer" daemon [_thread_blocked, id=6552, stack(0x0000000017d10000,0x0000000017e10000)]
  0x0000000003121800 JavaThread "Reference Handler" daemon [_thread_blocked, id=4668, stack(0x0000000017c10000,0x0000000017d10000)]
  0x0000000002f2d800 JavaThread "main" [_thread_blocked, id=7812, stack(0x0000000002f30000,0x0000000003030000)]

Other Threads:
  0x0000000016a68000 VMThread [stack: 0x0000000017b10000,0x0000000017c10000] [id=7716]
  0x0000000016afe000 WatcherThread [stack: 0x0000000018900000,0x0000000018a00000] [id=2732]

VM state:not at safepoint (normal execution)

VM Mutex/Monitor currently owned by a thread: None

Heap:
 PSYoungGen      total 461312K, used 77246K [0x00000000e0000000, 0x0000000100000000, 0x0000000100000000)
  eden space 428544K, 17% used [0x00000000e0000000,0x00000000e4933378,0x00000000fa280000)
  from space 32768K, 6% used [0x00000000fa280000,0x00000000fa4bc788,0x00000000fc280000)
  to   space 33280K, 0% used [0x00000000fdf80000,0x00000000fdf80000,0x0000000100000000)
 ParOldGen       total 153088K, used 53060K [0x00000000a0000000, 0x00000000a9580000, 0x00000000e0000000)
  object space 153088K, 34% used [0x00000000a0000000,0x00000000a33d11b8,0x00000000a9580000)
 Metaspace       used 85120K, capacity 88693K, committed 88984K, reserved 1126400K
  class space    used 11161K, capacity 11890K, committed 11952K, reserved 1048576K

Card table byte_map: [0x00000000124f0000,0x0000000012800000] byte_map_base: 0x0000000011ff0000

Marking Bits: (ParMarkBitMap*) 0x0000000060a15aa0
 Begin Bits: [0x0000000012e00000, 0x0000000014600000)
 End Bits:   [0x0000000014600000, 0x0000000015e00000)

Polling page: 0x00000000016f0000

CodeCache: size=245760Kb used=37814Kb max_used=37814Kb free=207945Kb
 bounds [0x0000000003130000, 0x0000000005660000, 0x0000000012130000]
 total_blobs=13316 nmethods=12437 adapters=790
 compilation: enabled

Compilation events (10 events):
Event: 351.150 Thread 0x0000000016ace000 nmethod 14860 0x0000000003b7b910 code [0x0000000003b7bb00, 0x0000000003b7c488]
Event: 351.150 Thread 0x0000000016ace000 14861       3       org.gradle.api.internal.tasks.DefaultTaskOutputs$3::<init> (20 bytes)
Event: 351.150 Thread 0x0000000016ace000 nmethod 14861 0x0000000003b7b510 code [0x0000000003b7b660, 0x0000000003b7b850]
Event: 351.150 Thread 0x0000000016ace000 14862       3       org.gradle.api.internal.tasks.DefaultTaskOutputs$3::run (29 bytes)
Event: 351.150 Thread 0x0000000016ace000 nmethod 14862 0x0000000003b7ae50 code [0x0000000003b7afe0, 0x0000000003b7b368]
Event: 351.163 Thread 0x0000000016a9e800 14863       4       org.gradle.api.internal.artifacts.configurations.Configurations::collectCapabilities (73 bytes)
Event: 351.166 Thread 0x0000000016ace000 14864       3       org.gradle.internal.resolve.result.DefaultBuildableComponentResolveResult::getMetadata (9 bytes)
Event: 351.166 Thread 0x0000000016ace000 nmethod 14864 0x0000000003b7a650 code [0x0000000003b7a7e0, 0x0000000003b7ac48]
Event: 351.184 Thread 0x0000000016ace000 14866       1       org.gradle.internal.component.local.model.DefaultLocalComponentMetadata$DefaultLocalConfigurationMetadata::getCapabilities (5 bytes)
Event: 351.184 Thread 0x0000000016ace000 nmethod 14866 0x0000000003b7a390 code [0x0000000003b7a4e0, 0x0000000003b7a5f0]

GC Heap History (10 events):
Event: 41.806 GC heap before
{Heap before GC invocations=12 (full 3):
 PSYoungGen      total 287744K, used 267397K [0x00000000e0000000, 0x00000000f3a00000, 0x0000000100000000)
  eden space 268288K, 99% used [0x00000000e0000000,0x00000000f05215d0,0x00000000f0600000)
  from space 19456K, 0% used [0x00000000f1c80000,0x00000000f1c80000,0x00000000f2f80000)
  to   space 23040K, 0% used [0x00000000f0600000,0x00000000f0600000,0x00000000f1c80000)
 ParOldGen       total 153088K, used 34681K [0x00000000a0000000, 0x00000000a9580000, 0x00000000e0000000)
  object space 153088K, 22% used [0x00000000a0000000,0x00000000a21de758,0x00000000a9580000)
 Metaspace       used 67580K, capacity 69468K, committed 69784K, reserved 1110016K
  class space    used 9112K, capacity 9585K, committed 9648K, reserved 1048576K
Event: 41.828 GC heap after
Heap after GC invocations=12 (full 3):
 PSYoungGen      total 291328K, used 18841K [0x00000000e0000000, 0x00000000f6880000, 0x0000000100000000)
  eden space 268288K, 0% used [0x00000000e0000000,0x00000000e0000000,0x00000000f0600000)
  from space 23040K, 81% used [0x00000000f0600000,0x00000000f18667e0,0x00000000f1c80000)
  to   space 24576K, 0% used [0x00000000f5080000,0x00000000f5080000,0x00000000f6880000)
 ParOldGen       total 153088K, used 34689K [0x00000000a0000000, 0x00000000a9580000, 0x00000000e0000000)
  object space 153088K, 22% used [0x00000000a0000000,0x00000000a21e0758,0x00000000a9580000)
 Metaspace       used 67580K, capacity 69468K, committed 69784K, reserved 1110016K
  class space    used 9112K, capacity 9585K, committed 9648K, reserved 1048576K
}
Event: 41.862 GC heap before
{Heap before GC invocations=13 (full 3):
 PSYoungGen      total 291328K, used 286860K [0x00000000e0000000, 0x00000000f6880000, 0x0000000100000000)
  eden space 268288K, 99% used [0x00000000e0000000,0x00000000f05bc950,0x00000000f0600000)
  from space 23040K, 81% used [0x00000000f0600000,0x00000000f18667e0,0x00000000f1c80000)
  to   space 24576K, 0% used [0x00000000f5080000,0x00000000f5080000,0x00000000f6880000)
 ParOldGen       total 153088K, used 34689K [0x00000000a0000000, 0x00000000a9580000, 0x00000000e0000000)
  object space 153088K, 22% used [0x00000000a0000000,0x00000000a21e0758,0x00000000a9580000)
 Metaspace       used 67596K, capacity 69468K, committed 69784K, reserved 1110016K
  class space    used 9112K, capacity 9585K, committed 9648K, reserved 1048576K
Event: 41.870 GC heap after
Heap after GC invocations=13 (full 3):
 PSYoungGen      total 345600K, used 10893K [0x00000000e0000000, 0x00000000f9f80000, 0x0000000100000000)
  eden space 321024K, 0% used [0x00000000e0000000,0x00000000e0000000,0x00000000f3980000)
  from space 24576K, 44% used [0x00000000f5080000,0x00000000f5b23670,0x00000000f6880000)
  to   space 23552K, 0% used [0x00000000f3980000,0x00000000f3980000,0x00000000f5080000)
 ParOldGen       total 153088K, used 34697K [0x00000000a0000000, 0x00000000a9580000, 0x00000000e0000000)
  object space 153088K, 22% used [0x00000000a0000000,0x00000000a21e2758,0x00000000a9580000)
 Metaspace       used 67596K, capacity 69468K, committed 69784K, reserved 1110016K
  class space    used 9112K, capacity 9585K, committed 9648K, reserved 1048576K
}
Event: 44.176 GC heap before
{Heap before GC invocations=14 (full 3):
 PSYoungGen      total 345600K, used 331917K [0x00000000e0000000, 0x00000000f9f80000, 0x0000000100000000)
  eden space 321024K, 100% used [0x00000000e0000000,0x00000000f3980000,0x00000000f3980000)
  from space 24576K, 44% used [0x00000000f5080000,0x00000000f5b23670,0x00000000f6880000)
  to   space 23552K, 0% used [0x00000000f3980000,0x00000000f3980000,0x00000000f5080000)
 ParOldGen       total 153088K, used 34697K [0x00000000a0000000, 0x00000000a9580000, 0x00000000e0000000)
  object space 153088K, 22% used [0x00000000a0000000,0x00000000a21e2758,0x00000000a9580000)
 Metaspace       used 77970K, capacity 81050K, committed 81304K, reserved 1120256K
  class space    used 10483K, capacity 11114K, committed 11184K, reserved 1048576K
Event: 44.192 GC heap after
Heap after GC invocations=14 (full 3):
 PSYoungGen      total 344576K, used 21662K [0x00000000e0000000, 0x00000000fe280000, 0x0000000100000000)
  eden space 321024K, 0% used [0x00000000e0000000,0x00000000e0000000,0x00000000f3980000)
  from space 23552K, 91% used [0x00000000f3980000,0x00000000f4ea7a00,0x00000000f5080000)
  to   space 26112K, 0% used [0x00000000fc900000,0x00000000fc900000,0x00000000fe280000)
 ParOldGen       total 153088K, used 34705K [0x00000000a0000000, 0x00000000a9580000, 0x00000000e0000000)
  object space 153088K, 22% used [0x00000000a0000000,0x00000000a21e4758,0x00000000a9580000)
 Metaspace       used 77970K, capacity 81050K, committed 81304K, reserved 1120256K
  class space    used 10483K, capacity 11114K, committed 11184K, reserved 1048576K
}
Event: 304.276 GC heap before
{Heap before GC invocations=15 (full 3):
 PSYoungGen      total 344576K, used 341601K [0x00000000e0000000, 0x00000000fe280000, 0x0000000100000000)
  eden space 321024K, 99% used [0x00000000e0000000,0x00000000f3870c28,0x00000000f3980000)
  from space 23552K, 91% used [0x00000000f3980000,0x00000000f4ea7a00,0x00000000f5080000)
  to   space 26112K, 0% used [0x00000000fc900000,0x00000000fc900000,0x00000000fe280000)
 ParOldGen       total 153088K, used 34705K [0x00000000a0000000, 0x00000000a9580000, 0x00000000e0000000)
  object space 153088K, 22% used [0x00000000a0000000,0x00000000a21e4758,0x00000000a9580000)
 Metaspace       used 84817K, capacity 88319K, committed 88472K, reserved 1126400K
  class space    used 11152K, capacity 11873K, committed 11952K, reserved 1048576K
Event: 304.316 GC heap after
Heap after GC invocations=15 (full 3):
 PSYoungGen      total 454656K, used 26109K [0x00000000e0000000, 0x00000000fe280000, 0x0000000100000000)
  eden space 428544K, 0% used [0x00000000e0000000,0x00000000e0000000,0x00000000fa280000)
  from space 26112K, 99% used [0x00000000fc900000,0x00000000fe27f608,0x00000000fe280000)
  to   space 32768K, 0% used [0x00000000fa280000,0x00000000fa280000,0x00000000fc280000)
 ParOldGen       total 153088K, used 44241K [0x00000000a0000000, 0x00000000a9580000, 0x00000000e0000000)
  object space 153088K, 28% used [0x00000000a0000000,0x00000000a2b34440,0x00000000a9580000)
 Metaspace       used 84817K, capacity 88319K, committed 88472K, reserved 1126400K
  class space    used 11152K, capacity 11873K, committed 11952K, reserved 1048576K
}
Event: 309.707 GC heap before
{Heap before GC invocations=16 (full 3):
 PSYoungGen      total 454656K, used 454278K [0x00000000e0000000, 0x00000000fe280000, 0x0000000100000000)
  eden space 428544K, 99% used [0x00000000e0000000,0x00000000fa222200,0x00000000fa280000)
  from space 26112K, 99% used [0x00000000fc900000,0x00000000fe27f608,0x00000000fe280000)
  to   space 32768K, 0% used [0x00000000fa280000,0x00000000fa280000,0x00000000fc280000)
 ParOldGen       total 153088K, used 44241K [0x00000000a0000000, 0x00000000a9580000, 0x00000000e0000000)
  object space 153088K, 28% used [0x00000000a0000000,0x00000000a2b34440,0x00000000a9580000)
 Metaspace       used 84922K, capacity 88549K, committed 88728K, reserved 1126400K
  class space    used 11154K, capacity 11878K, committed 11952K, reserved 1048576K
Event: 309.719 GC heap after
Heap after GC invocations=16 (full 3):
 PSYoungGen      total 461312K, used 2289K [0x00000000e0000000, 0x0000000100000000, 0x0000000100000000)
  eden space 428544K, 0% used [0x00000000e0000000,0x00000000e0000000,0x00000000fa280000)
  from space 32768K, 6% used [0x00000000fa280000,0x00000000fa4bc788,0x00000000fc280000)
  to   space 33280K, 0% used [0x00000000fdf80000,0x00000000fdf80000,0x0000000100000000)
 ParOldGen       total 153088K, used 53060K [0x00000000a0000000, 0x00000000a9580000, 0x00000000e0000000)
  object space 153088K, 34% used [0x00000000a0000000,0x00000000a33d11b8,0x00000000a9580000)
 Metaspace       used 84922K, capacity 88549K, committed 88728K, reserved 1126400K
  class space    used 11154K, capacity 11878K, committed 11952K, reserved 1048576K
}

Deoptimization events (10 events):
Event: 309.564 Thread 0x000000001a06b800 Uncommon trap: reason=class_check action=maybe_recompile pc=0x00000000039a93c0 method=java.lang.Throwable.<init>(Ljava/lang/String;Ljava/lang/Throwable;)V @ 24
Event: 309.576 Thread 0x000000001a06b800 Uncommon trap: reason=predicate action=maybe_recompile pc=0x000000000554b3d0 method=com.google.common.collect.RegularImmutableMap.fromEntryArray(I[Ljava/util/Map$Entry;)Lcom/google/common/collect/ImmutableMap; @ 62
Event: 309.984 Thread 0x000000001a181000 Uncommon trap: reason=array_check action=maybe_recompile pc=0x0000000005619064 method=java.util.TimSort.reverseRange([Ljava/lang/Object;II)V @ 27
Event: 350.848 Thread 0x000000001a181000 Uncommon trap: reason=array_check action=maybe_recompile pc=0x0000000004eb0bc4 method=com.google.common.collect.ImmutableSet.construct(I[Ljava/lang/Object;)Lcom/google/common/collect/ImmutableSet; @ 122
Event: 350.849 Thread 0x000000001a181000 Uncommon trap: reason=array_check action=maybe_recompile pc=0x0000000004eb0bc4 method=com.google.common.collect.ImmutableSet.construct(I[Ljava/lang/Object;)Lcom/google/common/collect/ImmutableSet; @ 122
Event: 350.849 Thread 0x000000001a181000 Uncommon trap: reason=array_check action=maybe_recompile pc=0x0000000004eb0bc4 method=com.google.common.collect.ImmutableSet.construct(I[Ljava/lang/Object;)Lcom/google/common/collect/ImmutableSet; @ 122
Event: 350.849 Thread 0x000000001a181000 Uncommon trap: reason=array_check action=maybe_recompile pc=0x0000000004eb0bc4 method=com.google.common.collect.ImmutableSet.construct(I[Ljava/lang/Object;)Lcom/google/common/collect/ImmutableSet; @ 122
Event: 350.984 Thread 0x000000001a181000 Uncommon trap: reason=null_check action=make_not_entrant pc=0x000000000556eeb0 method=org.gradle.api.internal.collections.CollectionFilter.filter(Ljava/lang/Object;)Ljava/lang/Object; @ 5
Event: 350.987 Thread 0x000000001a181000 Uncommon trap: reason=class_check action=maybe_recompile pc=0x0000000003c3ddd0 method=java.util.concurrent.ConcurrentHashMap.computeIfAbsent(Ljava/lang/Object;Ljava/util/function/Function;)Ljava/lang/Object; @ 278
Event: 350.987 Thread 0x000000001a181000 Uncommon trap: reason=class_check action=maybe_recompile pc=0x000000000444507c method=com.google.common.collect.AbstractMapBasedMultimap$WrappedCollection.refreshIfEmpty()V @ 40

Classes redefined (0 events):
No events

Internal exceptions (10 events):
Event: 304.099 Thread 0x000000001a181000 Implicit null exception at 0x000000000408be9a to 0x000000000408beed
Event: 304.131 Thread 0x000000001a181000 Implicit null exception at 0x00000000053bab6f to 0x00000000053bb185
Event: 304.240 Thread 0x000000001a181000 Implicit null exception at 0x00000000054b0d2f to 0x00000000054b25d5
Event: 307.247 Thread 0x000000001a181000 Exception <a 'java/net/ConnectException': Connection refused: connect> (0x00000000e2ac4db0) thrown at [D:\src\AOSP-openjdk-cygwin\jdk8u\hotspot\src\share\vm\prims\jni.cpp, line 735]
Event: 308.259 Thread 0x000000001a181000 Exception <a 'java/net/ConnectException': Connection refused: connect> (0x00000000e2ac6030) thrown at [D:\src\AOSP-openjdk-cygwin\jdk8u\hotspot\src\share\vm\prims\jni.cpp, line 735]
Event: 309.271 Thread 0x000000001a181000 Exception <a 'java/net/ConnectException': Connection refused: connect> (0x00000000e2ac72b0) thrown at [D:\src\AOSP-openjdk-cygwin\jdk8u\hotspot\src\share\vm\prims\jni.cpp, line 735]
Event: 309.282 Thread 0x0000000020cc3000 Exception <a 'java/lang/InterruptedException'> (0x00000000e2b4fe70) thrown at [D:\src\AOSP-openjdk-cygwin\jdk8u\hotspot\src\share\vm\runtime\objectMonitor.cpp, line 1684]
Event: 350.961 Thread 0x000000001a181000 Exception <a 'sun/nio/fs/WindowsException'> (0x00000000e3db8518) thrown at [D:\src\AOSP-openjdk-cygwin\jdk8u\hotspot\src\share\vm\prims\jni.cpp, line 709]
Event: 350.963 Thread 0x000000001a181000 Exception <a 'sun/nio/fs/WindowsException'> (0x00000000e3dc4730) thrown at [D:\src\AOSP-openjdk-cygwin\jdk8u\hotspot\src\share\vm\prims\jni.cpp, line 709]
Event: 350.984 Thread 0x000000001a181000 Implicit null exception at 0x000000000556ed63 to 0x000000000556ee9d

Events (10 events):
Event: 350.923 Executing VM operation: RevokeBias done
Event: 350.984 Thread 0x000000001a181000 Uncommon trap: trap_request=0xfffffff4 fr.pc=0x000000000556eeb0
Event: 350.984 Thread 0x000000001a181000 DEOPT PACKING pc=0x000000000556eeb0 sp=0x00000000292dc620
Event: 350.984 Thread 0x000000001a181000 DEOPT UNPACKING pc=0x000000000317557b sp=0x00000000292dc5c8 mode 2
Event: 350.987 Thread 0x000000001a181000 Uncommon trap: trap_request=0xffffffde fr.pc=0x0000000003c3ddd0
Event: 350.987 Thread 0x000000001a181000 DEOPT PACKING pc=0x0000000003c3ddd0 sp=0x00000000292db900
Event: 350.987 Thread 0x000000001a181000 DEOPT UNPACKING pc=0x000000000317557b sp=0x00000000292db8c8 mode 2
Event: 350.987 Thread 0x000000001a181000 Uncommon trap: trap_request=0xffffffde fr.pc=0x000000000444507c
Event: 350.987 Thread 0x000000001a181000 DEOPT PACKING pc=0x000000000444507c sp=0x00000000292db6f0
Event: 350.987 Thread 0x000000001a181000 DEOPT UNPACKING pc=0x000000000317557b sp=0x00000000292db6a0 mode 2


Dynamic libraries:
0x00007ff614290000 - 0x00007ff6142c1000 	C:\Program Files\Android\Android Studio\jre\bin\java.exe
0x00007ffa9ecf0000 - 0x00007ffa9eec2000 	C:\Windows\SYSTEM32\ntdll.dll
0x00007ffa9d0b0000 - 0x00007ffa9d15c000 	C:\Windows\System32\KERNEL32.DLL
0x00007ffa9b550000 - 0x00007ffa9b76d000 	C:\Windows\System32\KERNELBASE.dll
0x00007ffa9c4f0000 - 0x00007ffa9c592000 	C:\Windows\System32\ADVAPI32.dll
0x00007ffa9c410000 - 0x00007ffa9c4ae000 	C:\Windows\System32\msvcrt.dll
0x00007ffa9d040000 - 0x00007ffa9d099000 	C:\Windows\System32\sechost.dll
0x00007ffa9d3d0000 - 0x00007ffa9d4f1000 	C:\Windows\System32\RPCRT4.dll
0x00007ffa9ccd0000 - 0x00007ffa9ce35000 	C:\Windows\System32\USER32.dll
0x00007ffa9b1f0000 - 0x00007ffa9b20e000 	C:\Windows\System32\win32u.dll
0x00007ffa9c4b0000 - 0x00007ffa9c4e4000 	C:\Windows\System32\GDI32.dll
0x00007ffa9bfb0000 - 0x00007ffa9c130000 	C:\Windows\System32\gdi32full.dll
0x00007ffa94560000 - 0x00007ffa947da000 	C:\Windows\WinSxS\amd64_microsoft.windows.common-controls_6595b64144ccf1df_6.0.14393.953_none_42151e83c686086b\COMCTL32.dll
0x00007ffa9d510000 - 0x00007ffa9d7d8000 	C:\Windows\System32\combase.dll
0x00007ffa9c130000 - 0x00007ffa9c225000 	C:\Windows\System32\ucrtbase.dll
0x00007ffa9b4e0000 - 0x00007ffa9b54a000 	C:\Windows\System32\bcryptPrimitives.dll
0x00007ffa9c3e0000 - 0x00007ffa9c40e000 	C:\Windows\System32\IMM32.DLL
0x0000000060c20000 - 0x0000000060cf2000 	C:\Program Files\Android\Android Studio\jre\jre\bin\msvcr100.dll
0x0000000060250000 - 0x0000000060a91000 	C:\Program Files\Android\Android Studio\jre\jre\bin\server\jvm.dll
0x00007ffa9d500000 - 0x00007ffa9d508000 	C:\Windows\System32\PSAPI.DLL
0x00007ffa8f0a0000 - 0x00007ffa8f0a9000 	C:\Windows\SYSTEM32\WSOCK32.dll
0x00007ffa99690000 - 0x00007ffa996b3000 	C:\Windows\SYSTEM32\WINMM.dll
0x00007ffa98b60000 - 0x00007ffa98b6a000 	C:\Windows\SYSTEM32\VERSION.dll
0x00007ffa9d1c0000 - 0x00007ffa9d22a000 	C:\Windows\System32\WS2_32.dll
0x00007ffa99630000 - 0x00007ffa9965b000 	C:\Windows\SYSTEM32\WINMMBASE.dll
0x00007ffa9c230000 - 0x00007ffa9c272000 	C:\Windows\System32\cfgmgr32.dll
0x00007ffa99290000 - 0x00007ffa9929f000 	C:\Program Files\Android\Android Studio\jre\jre\bin\verify.dll
0x00007ffa8ca60000 - 0x00007ffa8ca89000 	C:\Program Files\Android\Android Studio\jre\jre\bin\java.dll
0x00007ffa94230000 - 0x00007ffa94246000 	C:\Program Files\Android\Android Studio\jre\jre\bin\zip.dll
0x00007ffa9d7e0000 - 0x00007ffa9ece9000 	C:\Windows\System32\SHELL32.dll
0x00007ffa9b8d0000 - 0x00007ffa9bfa9000 	C:\Windows\System32\windows.storage.dll
0x00007ffa9b1a0000 - 0x00007ffa9b1ec000 	C:\Windows\System32\powrprof.dll
0x00007ffa9d300000 - 0x00007ffa9d352000 	C:\Windows\System32\shlwapi.dll
0x00007ffa9b160000 - 0x00007ffa9b16f000 	C:\Windows\System32\kernel.appcore.dll
0x00007ffa9b820000 - 0x00007ffa9b8c9000 	C:\Windows\System32\shcore.dll
0x00007ffa9b180000 - 0x00007ffa9b194000 	C:\Windows\System32\profapi.dll
0x00007ffa94040000 - 0x00007ffa9405a000 	C:\Program Files\Android\Android Studio\jre\jre\bin\net.dll
0x00007ffa9aa90000 - 0x00007ffa9aaec000 	C:\Windows\system32\mswsock.dll
0x00007ffa8ed70000 - 0x00007ffa8ed81000 	C:\Program Files\Android\Android Studio\jre\jre\bin\nio.dll
0x00007ffa95760000 - 0x00007ffa9577e000 	C:\Users\User\.gradle\native\25\windows-amd64\native-platform.dll
0x00007ffa8f4d0000 - 0x00007ffa8f4dd000 	C:\Program Files\Android\Android Studio\jre\jre\bin\management.dll
0x00007ffa9ac40000 - 0x00007ffa9ac57000 	C:\Windows\SYSTEM32\CRYPTSP.dll
0x00007ffa9a690000 - 0x00007ffa9a6c3000 	C:\Windows\system32\rsaenh.dll
0x00007ffa9ad40000 - 0x00007ffa9ad6b000 	C:\Windows\SYSTEM32\bcrypt.dll
0x00007ffa9a910000 - 0x00007ffa9a92f000 	C:\Windows\SYSTEM32\USERENV.dll
0x00007ffa9ac30000 - 0x00007ffa9ac3b000 	C:\Windows\SYSTEM32\CRYPTBASE.dll
0x00007ffa9a810000 - 0x00007ffa9a848000 	C:\Windows\SYSTEM32\IPHLPAPI.DLL
0x00007ffa9d230000 - 0x00007ffa9d238000 	C:\Windows\System32\NSI.dll
0x00007ffa97e00000 - 0x00007ffa97e16000 	C:\Windows\SYSTEM32\dhcpcsvc6.DLL
0x00007ffa97b40000 - 0x00007ffa97b5a000 	C:\Windows\SYSTEM32\dhcpcsvc.DLL
0x00007ffa90f90000 - 0x00007ffa90fae000 	C:\Users\User\AppData\Local\Temp\native-platform4285611369437801579dir\native-platform.dll

VM Arguments:
jvm_args: -Xmx1536m -Dfile.encoding=windows-1251 -Duser.country=RU -Duser.language=ru -Duser.variant 
java_command: org.gradle.launcher.daemon.bootstrap.GradleDaemon 4.10.1
java_class_path (initial): C:\Users\User\.gradle\wrapper\dists\gradle-4.10.1-all\455itskqi2qtf0v2sja68alqd\gradle-4.10.1\lib\gradle-launcher-4.10.1.jar
Launcher Type: SUN_STANDARD

Environment Variables:
PATH=C:\ProgramData\Oracle\Java\javapath;C:\Program Files (x86)\Common Files\Oracle\Java\javapath;C:\Windows\system32;C:\Windows;C:\Windows\System32\Wbem;C:\Windows\System32\WindowsPowerShell\v1.0\;C:\Program Files (x86)\Windows Kits\8.1\Windows Performance Toolkit\;C:\Users\User\AppData\Local\Microsoft\WindowsApps;
USERNAME=User
OS=Windows_NT
PROCESSOR_IDENTIFIER=Intel64 Family 6 Model 58 Stepping 9, GenuineIntel



---------------  S Y S T E M  ---------------

OS: Windows 10.0 , 64 bit Build 14393 (10.0.14393.2214)

CPU:total 4 (initial active 4) (4 cores per cpu, 1 threads per core) family 6 model 58 stepping 9, cmov, cx8, fxsr, mmx, sse, sse2, sse3, ssse3, sse4.1, sse4.2, popcnt, avx, aes, clmul, erms, tsc, tscinvbit, tscinv

Memory: 4k page, physical 12527208k(2329976k free), swap 12527208k(5396k free)

vm_info: OpenJDK 64-Bit Server VM (25.152-b01) for windows-amd64 JRE (1.8.0_152-release-1248-b01), built by "builder" with MS VC++ 10.0 (VS2010)

time: Sun Feb 03 17:44:06 2019
elapsed time: 351 seconds (0d 0h 5m 51s)

